<?xml version="1.0" encoding="UTF-8"?>
<testng-results skipped="0" failed="0" ignored="0" total="1" passed="1">
  <reporter-output>
  </reporter-output>
  <suite name="Default suite" duration-ms="17880" started-at="2017-12-06T04:04:45Z" finished-at="2017-12-06T04:05:03Z">
    <groups>
    </groups>
    <test name="Default test" duration-ms="17880" started-at="2017-12-06T04:04:45Z" finished-at="2017-12-06T04:05:03Z">
      <class name="selenium.test">
        <test-method status="PASS" signature="setup()[pri:0, instance:selenium.test@7f9a81e8]" name="setup" is-config="true" duration-ms="2675" started-at="2017-12-06T09:34:45Z" finished-at="2017-12-06T09:34:48Z">
          <reporter-output>
          </reporter-output>
        </test-method> <!-- setup -->
        <test-method status="PASS" signature="testMethod()[pri:0, instance:selenium.test@7f9a81e8]" name="testMethod" duration-ms="15193" started-at="2017-12-06T09:34:48Z" finished-at="2017-12-06T09:35:03Z">
          <reporter-output>
          </reporter-output>
        </test-method> <!-- testMethod -->
      </class> <!-- selenium.test -->
    </test> <!-- Default test -->
  </suite> <!-- Default suite -->
</testng-results>
